<?xml version="1.0" encoding="UTF-8"?>
<!-- Generated by org.testng.reporters.JUnitXMLReporter -->
<testsuite hostname="MuniPC" ignored="0" name="OpenCart Test" tests="4" failures="0" timestamp="2022-12-28T13:37:02 PST" time="16.33" errors="0">
  <testcase name="loginDDT" time="2.911" classname="testCases.TC_003_LoginDDT"/>
  <testcase name="loginDDT" time="1.6" classname="testCases.TC_003_LoginDDT"/>
  <testcase name="loginDDT" time="1.521" classname="testCases.TC_003_LoginDDT"/>
  <testcase name="loginDDT" time="1.652" classname="testCases.TC_003_LoginDDT"/>
</testsuite> <!-- OpenCart Test -->
