<?xml version="1.0" encoding="UTF-8"?>
<testng-results skipped="0" failed="0" ignored="0" total="4" passed="4">
  <reporter-output>
  </reporter-output>
  <suite name="OpenCart Test Suite" duration-ms="16330" started-at="2022-12-28T13:36:46 PST" finished-at="2022-12-28T13:37:02 PST">
    <groups>
    </groups>
    <test name="OpenCart Test" duration-ms="16330" started-at="2022-12-28T13:36:46 PST" finished-at="2022-12-28T13:37:02 PST">
      <class name="testCases.TC_003_LoginDDT">
        <test-method status="PASS" signature="setup(java.lang.String)[pri:0, instance:testCases.TC_003_LoginDDT@491cc5c9]" name="setup" is-config="true" duration-ms="6194" started-at="2022-12-28T13:36:46 PST" finished-at="2022-12-28T13:36:52 PST">
          <params>
            <param index="0">
              <value>
                <![CDATA[firefox]]>
              </value>
            </param>
          </params>
          <reporter-output>
          </reporter-output>
        </test-method> <!-- setup -->
        <test-method status="PASS" signature="loginDDT(java.lang.String,java.lang.String,java.lang.String)[pri:0, instance:testCases.TC_003_LoginDDT@491cc5c9]" name="loginDDT" duration-ms="2911" started-at="2022-12-28T13:36:53 PST" data-provider="LoginData" finished-at="2022-12-28T13:36:56 PST">
          <params>
            <param index="0">
              <value>
                <![CDATA[pavanoltraining@gmail.com]]>
              </value>
            </param>
            <param index="1">
              <value>
                <![CDATA[test123]]>
              </value>
            </param>
            <param index="2">
              <value>
                <![CDATA[Valid]]>
              </value>
            </param>
          </params>
          <reporter-output>
          </reporter-output>
        </test-method> <!-- loginDDT -->
        <test-method status="PASS" signature="loginDDT(java.lang.String,java.lang.String,java.lang.String)[pri:0, instance:testCases.TC_003_LoginDDT@491cc5c9]" name="loginDDT" duration-ms="1600" started-at="2022-12-28T13:36:56 PST" data-provider="LoginData" finished-at="2022-12-28T13:36:58 PST">
          <params>
            <param index="0">
              <value>
                <![CDATA[pavanoltraining@gmail.com]]>
              </value>
            </param>
            <param index="1">
              <value>
                <![CDATA[test]]>
              </value>
            </param>
            <param index="2">
              <value>
                <![CDATA[Invalid]]>
              </value>
            </param>
          </params>
          <reporter-output>
          </reporter-output>
        </test-method> <!-- loginDDT -->
        <test-method status="PASS" signature="loginDDT(java.lang.String,java.lang.String,java.lang.String)[pri:0, instance:testCases.TC_003_LoginDDT@491cc5c9]" name="loginDDT" duration-ms="1521" started-at="2022-12-28T13:36:58 PST" data-provider="LoginData" finished-at="2022-12-28T13:36:59 PST">
          <params>
            <param index="0">
              <value>
                <![CDATA[pavan@gmail.com]]>
              </value>
            </param>
            <param index="1">
              <value>
                <![CDATA[test123]]>
              </value>
            </param>
            <param index="2">
              <value>
                <![CDATA[Invalid]]>
              </value>
            </param>
          </params>
          <reporter-output>
          </reporter-output>
        </test-method> <!-- loginDDT -->
        <test-method status="PASS" signature="loginDDT(java.lang.String,java.lang.String,java.lang.String)[pri:0, instance:testCases.TC_003_LoginDDT@491cc5c9]" name="loginDDT" duration-ms="1652" started-at="2022-12-28T13:36:59 PST" data-provider="LoginData" finished-at="2022-12-28T13:37:01 PST">
          <params>
            <param index="0">
              <value>
                <![CDATA[pavan@gmail.com]]>
              </value>
            </param>
            <param index="1">
              <value>
                <![CDATA[test]]>
              </value>
            </param>
            <param index="2">
              <value>
                <![CDATA[Invalid]]>
              </value>
            </param>
          </params>
          <reporter-output>
          </reporter-output>
        </test-method> <!-- loginDDT -->
        <test-method status="PASS" signature="tearDown()[pri:0, instance:testCases.TC_003_LoginDDT@491cc5c9]" name="tearDown" is-config="true" duration-ms="996" started-at="2022-12-28T13:37:01 PST" finished-at="2022-12-28T13:37:02 PST">
          <reporter-output>
          </reporter-output>
        </test-method> <!-- tearDown -->
      </class> <!-- testCases.TC_003_LoginDDT -->
    </test> <!-- OpenCart Test -->
  </suite> <!-- OpenCart Test Suite -->
</testng-results>
